app/build/intermediates/manifest_merge_blame_file/debug/processDebugMainManifest/manifest-merger-blame-debug-report.txt
1<?xml version="1.0" encoding="utf-8"?>
2<manifest xmlns:android="http://schemas.android.com/apk/res/android"
3    package="com.example.parentalcontrol"
4    android:versionCode="5"
5    android:versionName="4.0.2" >
6
7    <uses-sdk
8        android:minSdkVersion="26"
9        android:targetSdkVersion="34" />
10
11    <!-- Permissions for Monitoring -->
12    <uses-permission android:name="android.permission.PACKAGE_USAGE_STATS" />
12-->src\main\AndroidManifest.xml:6:5-114
12-->src\main\AndroidManifest.xml:6:22-75
13    <uses-permission android:name="android.permission.SYSTEM_ALERT_WINDOW" />
13-->src\main\AndroidManifest.xml:7:5-78
13-->src\main\AndroidManifest.xml:7:22-75
14    <uses-permission android:name="android.permission.INTERNET" />
14-->src\main\AndroidManifest.xml:8:5-67
14-->src\main\AndroidManifest.xml:8:22-64
15    <uses-permission android:name="android.permission.ACCESS_FINE_LOCATION" />
15-->src\main\AndroidManifest.xml:9:5-79
15-->src\main\AndroidManifest.xml:9:22-76
16    <uses-permission android:name="android.permission.ACCESS_COARSE_LOCATION" />
16-->src\main\AndroidManifest.xml:10:5-81
16-->src\main\AndroidManifest.xml:10:22-78
17    <uses-permission android:name="android.permission.ACCESS_BACKGROUND_LOCATION" />
17-->src\main\AndroidManifest.xml:11:5-85
17-->src\main\AndroidManifest.xml:11:22-82
18    <uses-permission android:name="android.permission.CAMERA" />
18-->src\main\AndroidManifest.xml:12:5-65
18-->src\main\AndroidManifest.xml:12:22-62
19    <uses-permission android:name="android.permission.FOREGROUND_SERVICE" />
19-->src\main\AndroidManifest.xml:13:5-77
19-->src\main\AndroidManifest.xml:13:22-74
20    <uses-permission android:name="android.permission.FOREGROUND_SERVICE_LOCATION" />
20-->src\main\AndroidManifest.xml:14:5-86
20-->src\main\AndroidManifest.xml:14:22-83
21    <uses-permission android:name="android.permission.FOREGROUND_SERVICE_CAMERA" />
21-->src\main\AndroidManifest.xml:15:5-84
21-->src\main\AndroidManifest.xml:15:22-81
22    <uses-permission android:name="android.permission.RECEIVE_BOOT_COMPLETED" />
22-->src\main\AndroidManifest.xml:16:5-81
22-->src\main\AndroidManifest.xml:16:22-78
23    <uses-permission android:name="android.permission.REQUEST_IGNORE_BATTERY_OPTIMIZATIONS" />
23-->src\main\AndroidManifest.xml:17:5-95
23-->src\main\AndroidManifest.xml:17:22-92
24    <uses-permission android:name="android.permission.RECORD_AUDIO" />
24-->src\main\AndroidManifest.xml:18:5-71
24-->src\main\AndroidManifest.xml:18:22-68
25    <uses-permission android:name="android.permission.FOREGROUND_SERVICE_MEDIA_PROJECTION" />
25-->src\main\AndroidManifest.xml:19:5-94
25-->src\main\AndroidManifest.xml:19:22-91
26
27    <!-- Advanced Protection Permissions -->
28    <uses-permission android:name="android.permission.READ_CONTACTS" />
28-->src\main\AndroidManifest.xml:22:5-72
28-->src\main\AndroidManifest.xml:22:22-69
29    <uses-permission android:name="android.permission.READ_SMS" />
29-->src\main\AndroidManifest.xml:23:5-67
29-->src\main\AndroidManifest.xml:23:22-64
30    <uses-permission android:name="android.permission.RECEIVE_SMS" />
30-->src\main\AndroidManifest.xml:24:5-70
30-->src\main\AndroidManifest.xml:24:22-67
31    <uses-permission
31-->src\main\AndroidManifest.xml:25:5-107
32        android:name="android.permission.READ_EXTERNAL_STORAGE"
32-->src\main\AndroidManifest.xml:25:22-77
33        android:maxSdkVersion="32" />
33-->src\main\AndroidManifest.xml:25:78-104
34    <uses-permission android:name="android.permission.READ_MEDIA_IMAGES" />
34-->src\main\AndroidManifest.xml:26:5-76
34-->src\main\AndroidManifest.xml:26:22-73
35    <uses-permission android:name="android.permission.READ_MEDIA_VIDEO" />
35-->src\main\AndroidManifest.xml:27:5-75
35-->src\main\AndroidManifest.xml:27:22-72
36    <uses-permission android:name="android.permission.ACCESS_NETWORK_STATE" />
36-->[com.google.firebase:firebase-auth:22.3.0] AndroidManifest.xml:26:5-79
36-->[com.google.firebase:firebase-auth:22.3.0] AndroidManifest.xml:26:22-76
37    <uses-permission android:name="android.permission.POST_NOTIFICATIONS" />
37-->[com.google.firebase:firebase-messaging:23.4.0] AndroidManifest.xml:23:5-77
37-->[com.google.firebase:firebase-messaging:23.4.0] AndroidManifest.xml:23:22-74
38    <uses-permission android:name="android.permission.WAKE_LOCK" /> <!-- Required by older versions of Google Play services to create IID tokens -->
38-->[com.google.firebase:firebase-messaging:23.4.0] AndroidManifest.xml:24:5-68
38-->[com.google.firebase:firebase-messaging:23.4.0] AndroidManifest.xml:24:22-65
39    <uses-permission android:name="com.google.android.c2dm.permission.RECEIVE" />
39-->[com.google.firebase:firebase-messaging:23.4.0] AndroidManifest.xml:26:5-82
39-->[com.google.firebase:firebase-messaging:23.4.0] AndroidManifest.xml:26:22-79
40
41    <permission
41-->[androidx.core:core:1.12.0] AndroidManifest.xml:22:5-24:47
42        android:name="com.example.parentalcontrol.DYNAMIC_RECEIVER_NOT_EXPORTED_PERMISSION"
42-->[androidx.core:core:1.12.0] AndroidManifest.xml:23:9-81
43        android:protectionLevel="signature" />
43-->[androidx.core:core:1.12.0] AndroidManifest.xml:24:9-44
44
45    <uses-permission android:name="com.example.parentalcontrol.DYNAMIC_RECEIVER_NOT_EXPORTED_PERMISSION" />
45-->[androidx.core:core:1.12.0] AndroidManifest.xml:26:5-97
45-->[androidx.core:core:1.12.0] AndroidManifest.xml:26:22-94
46
47    <application
47-->src\main\AndroidManifest.xml:29:5-116:19
48        android:allowBackup="true"
48-->src\main\AndroidManifest.xml:30:9-35
49        android:appComponentFactory="androidx.core.app.CoreComponentFactory"
49-->[androidx.core:core:1.12.0] AndroidManifest.xml:28:18-86
50        android:dataExtractionRules="@xml/data_extraction_rules"
50-->src\main\AndroidManifest.xml:31:9-65
51        android:debuggable="true"
52        android:extractNativeLibs="false"
53        android:fullBackupContent="@xml/backup_rules"
53-->src\main\AndroidManifest.xml:32:9-54
54        android:icon="@mipmap/ic_launcher"
54-->src\main\AndroidManifest.xml:33:9-43
55        android:label="@string/app_name"
55-->src\main\AndroidManifest.xml:34:9-41
56        android:roundIcon="@mipmap/ic_launcher_round"
56-->src\main\AndroidManifest.xml:35:9-54
57        android:supportsRtl="true"
57-->src\main\AndroidManifest.xml:36:9-35
58        android:theme="@style/Theme.ParentalControl" >
58-->src\main\AndroidManifest.xml:37:9-53
59        <activity
59-->src\main\AndroidManifest.xml:40:9-48:20
60            android:name="com.example.parentalcontrol.MainActivity"
60-->src\main\AndroidManifest.xml:41:13-41
61            android:exported="true"
61-->src\main\AndroidManifest.xml:42:13-36
62            android:theme="@style/Theme.ParentalControl" >
62-->src\main\AndroidManifest.xml:43:13-57
63            <intent-filter>
63-->src\main\AndroidManifest.xml:44:13-47:29
64                <action android:name="android.intent.action.MAIN" />
64-->src\main\AndroidManifest.xml:45:17-69
64-->src\main\AndroidManifest.xml:45:25-66
65
66                <category android:name="android.intent.category.LAUNCHER" />
66-->src\main\AndroidManifest.xml:46:17-77
66-->src\main\AndroidManifest.xml:46:27-74
67            </intent-filter>
68        </activity>
69        <activity
69-->src\main\AndroidManifest.xml:50:9-53:60
70            android:name="com.example.parentalcontrol.BlockActivity"
70-->src\main\AndroidManifest.xml:51:13-42
71            android:exported="false"
71-->src\main\AndroidManifest.xml:52:13-37
72            android:theme="@style/Theme.ParentalControl" />
72-->src\main\AndroidManifest.xml:53:13-57
73        <activity
73-->src\main\AndroidManifest.xml:55:9-58:75
74            android:name="com.example.parentalcontrol.ScreenCaptureActivity"
74-->src\main\AndroidManifest.xml:56:13-50
75            android:exported="false"
75-->src\main\AndroidManifest.xml:57:13-37
76            android:theme="@android:style/Theme.Translucent.NoTitleBar" />
76-->src\main\AndroidManifest.xml:58:13-72
77
78        <service
78-->src\main\AndroidManifest.xml:60:9-64:101
79            android:name="com.example.parentalcontrol.services.MonitoringService"
79-->src\main\AndroidManifest.xml:61:13-55
80            android:enabled="true"
80-->src\main\AndroidManifest.xml:62:13-35
81            android:exported="false"
81-->src\main\AndroidManifest.xml:63:13-37
82            android:foregroundServiceType="location|camera|specialUse|mediaProjection|microphone" />
82-->src\main\AndroidManifest.xml:64:13-98
83
84        <!-- Notification Listener Service -->
85        <service
85-->src\main\AndroidManifest.xml:67:9-75:19
86            android:name="com.example.parentalcontrol.services.NotificationReaderService"
86-->src\main\AndroidManifest.xml:68:13-63
87            android:exported="true"
87-->src\main\AndroidManifest.xml:71:13-36
88            android:label="Parental Control Notifications"
88-->src\main\AndroidManifest.xml:69:13-59
89            android:permission="android.permission.BIND_NOTIFICATION_LISTENER_SERVICE" >
89-->src\main\AndroidManifest.xml:70:13-87
90            <intent-filter>
90-->src\main\AndroidManifest.xml:72:13-74:29
91                <action android:name="android.service.notification.NotificationListenerService" />
91-->src\main\AndroidManifest.xml:73:17-99
91-->src\main\AndroidManifest.xml:73:25-96
92            </intent-filter>
93        </service>
94
95        <!-- Servicio de Accesibilidad (Filtro Web) -->
96        <service
96-->src\main\AndroidManifest.xml:78:9-89:19
97            android:name="com.example.parentalcontrol.services.KibooAccessibilityService"
97-->src\main\AndroidManifest.xml:79:13-63
98            android:exported="false"
98-->src\main\AndroidManifest.xml:82:13-37
99            android:label="Kiboo Shield Active (Protección Avanzada)"
99-->src\main\AndroidManifest.xml:80:13-70
100            android:permission="android.permission.BIND_ACCESSIBILITY_SERVICE" >
100-->src\main\AndroidManifest.xml:81:13-79
101            <intent-filter>
101-->src\main\AndroidManifest.xml:83:13-85:29
102                <action android:name="android.view.AccessibilityService" />
102-->src\main\AndroidManifest.xml:84:17-76
102-->src\main\AndroidManifest.xml:84:25-73
103            </intent-filter>
104
105            <meta-data
105-->src\main\AndroidManifest.xml:86:13-88:72
106                android:name="android.accessibilityservice"
106-->src\main\AndroidManifest.xml:87:17-60
107                android:resource="@xml/accessibility_service_config" />
107-->src\main\AndroidManifest.xml:88:17-69
108        </service>
109
110        <!-- Device Admin Receiver -->
111        <receiver
111-->src\main\AndroidManifest.xml:92:9-103:20
112            android:name="com.example.parentalcontrol.utils.AdminReceiver"
112-->src\main\AndroidManifest.xml:93:13-48
113            android:exported="true"
113-->src\main\AndroidManifest.xml:96:13-36
114            android:label="Seguridad del Dispositivo"
114-->src\main\AndroidManifest.xml:94:13-54
115            android:permission="android.permission.BIND_DEVICE_ADMIN" >
115-->src\main\AndroidManifest.xml:95:13-70
116            <meta-data
116-->src\main\AndroidManifest.xml:97:13-99:65
117                android:name="android.app.device_admin"
117-->src\main\AndroidManifest.xml:98:17-56
118                android:resource="@xml/device_admin_policies" />
118-->src\main\AndroidManifest.xml:99:17-62
119
120            <intent-filter>
120-->src\main\AndroidManifest.xml:100:13-102:29
121                <action android:name="android.app.action.DEVICE_ADMIN_ENABLED" />
121-->src\main\AndroidManifest.xml:101:17-82
121-->src\main\AndroidManifest.xml:101:25-79
122            </intent-filter>
123        </receiver>
124
125        <!-- Boot Start Receiver -->
126        <receiver
126-->src\main\AndroidManifest.xml:106:9-114:20
127            android:name="com.example.parentalcontrol.utils.BootReceiver"
127-->src\main\AndroidManifest.xml:107:13-47
128            android:enabled="true"
128-->src\main\AndroidManifest.xml:108:13-35
129            android:exported="true" >
129-->src\main\AndroidManifest.xml:109:13-36
130            <intent-filter>
130-->src\main\AndroidManifest.xml:110:13-113:29
131                <action android:name="android.intent.action.BOOT_COMPLETED" />
131-->src\main\AndroidManifest.xml:111:17-79
131-->src\main\AndroidManifest.xml:111:25-76
132                <action android:name="android.intent.action.QUICKBOOT_POWERON" />
132-->src\main\AndroidManifest.xml:112:17-82
132-->src\main\AndroidManifest.xml:112:25-79
133            </intent-filter>
134        </receiver>
135
136        <service
136-->[com.google.firebase:firebase-database-ktx:20.3.0] AndroidManifest.xml:9:9-15:19
137            android:name="com.google.firebase.components.ComponentDiscoveryService"
137-->[com.google.firebase:firebase-database-ktx:20.3.0] AndroidManifest.xml:10:13-84
138            android:directBootAware="true"
138-->[com.google.firebase:firebase-common:20.4.2] AndroidManifest.xml:32:13-43
139            android:exported="false" >
139-->[com.google.firebase:firebase-database-ktx:20.3.0] AndroidManifest.xml:11:13-37
140            <meta-data
140-->[com.google.firebase:firebase-database-ktx:20.3.0] AndroidManifest.xml:12:13-14:85
141                android:name="com.google.firebase.components:com.google.firebase.database.ktx.FirebaseDatabaseLegacyRegistrar"
141-->[com.google.firebase:firebase-database-ktx:20.3.0] AndroidManifest.xml:13:17-127
142                android:value="com.google.firebase.components.ComponentRegistrar" />
142-->[com.google.firebase:firebase-database-ktx:20.3.0] AndroidManifest.xml:14:17-82
143            <meta-data
143-->[com.google.firebase:firebase-messaging-ktx:23.4.0] AndroidManifest.xml:26:13-28:85
144                android:name="com.google.firebase.components:com.google.firebase.messaging.ktx.FirebaseMessagingLegacyRegistrar"
144-->[com.google.firebase:firebase-messaging-ktx:23.4.0] AndroidManifest.xml:27:17-129
145                android:value="com.google.firebase.components.ComponentRegistrar" />
145-->[com.google.firebase:firebase-messaging-ktx:23.4.0] AndroidManifest.xml:28:17-82
146            <meta-data
146-->[com.google.firebase:firebase-auth-ktx:22.3.0] AndroidManifest.xml:11:13-13:85
147                android:name="com.google.firebase.components:com.google.firebase.auth.ktx.FirebaseAuthLegacyRegistrar"
147-->[com.google.firebase:firebase-auth-ktx:22.3.0] AndroidManifest.xml:12:17-119
148                android:value="com.google.firebase.components.ComponentRegistrar" />
148-->[com.google.firebase:firebase-auth-ktx:22.3.0] AndroidManifest.xml:13:17-82
149            <meta-data
149-->[com.google.firebase:firebase-auth:22.3.0] AndroidManifest.xml:69:13-71:85
150                android:name="com.google.firebase.components:com.google.firebase.auth.FirebaseAuthRegistrar"
150-->[com.google.firebase:firebase-auth:22.3.0] AndroidManifest.xml:70:17-109
151                android:value="com.google.firebase.components.ComponentRegistrar" />
151-->[com.google.firebase:firebase-auth:22.3.0] AndroidManifest.xml:71:17-82
152            <meta-data
152-->[com.google.firebase:firebase-database:20.3.0] AndroidManifest.xml:29:13-31:85
153                android:name="com.google.firebase.components:com.google.firebase.database.FirebaseDatabaseKtxRegistrar"
153-->[com.google.firebase:firebase-database:20.3.0] AndroidManifest.xml:30:17-120
154                android:value="com.google.firebase.components.ComponentRegistrar" />
154-->[com.google.firebase:firebase-database:20.3.0] AndroidManifest.xml:31:17-82
155            <meta-data
155-->[com.google.firebase:firebase-database:20.3.0] AndroidManifest.xml:32:13-34:85
156                android:name="com.google.firebase.components:com.google.firebase.database.DatabaseRegistrar"
156-->[com.google.firebase:firebase-database:20.3.0] AndroidManifest.xml:33:17-109
157                android:value="com.google.firebase.components.ComponentRegistrar" />
157-->[com.google.firebase:firebase-database:20.3.0] AndroidManifest.xml:34:17-82
158            <meta-data
158-->[com.google.firebase:firebase-messaging:23.4.0] AndroidManifest.xml:57:13-59:85
159                android:name="com.google.firebase.components:com.google.firebase.messaging.FirebaseMessagingKtxRegistrar"
159-->[com.google.firebase:firebase-messaging:23.4.0] AndroidManifest.xml:58:17-122
160                android:value="com.google.firebase.components.ComponentRegistrar" />
160-->[com.google.firebase:firebase-messaging:23.4.0] AndroidManifest.xml:59:17-82
161            <meta-data
161-->[com.google.firebase:firebase-messaging:23.4.0] AndroidManifest.xml:60:13-62:85
162                android:name="com.google.firebase.components:com.google.firebase.messaging.FirebaseMessagingRegistrar"
162-->[com.google.firebase:firebase-messaging:23.4.0] AndroidManifest.xml:61:17-119
163                android:value="com.google.firebase.components.ComponentRegistrar" />
163-->[com.google.firebase:firebase-messaging:23.4.0] AndroidManifest.xml:62:17-82
164            <meta-data
164-->[com.google.firebase:firebase-installations:17.2.0] AndroidManifest.xml:15:13-17:85
165                android:name="com.google.firebase.components:com.google.firebase.installations.FirebaseInstallationsKtxRegistrar"
165-->[com.google.firebase:firebase-installations:17.2.0] AndroidManifest.xml:16:17-130
166                android:value="com.google.firebase.components.ComponentRegistrar" />
166-->[com.google.firebase:firebase-installations:17.2.0] AndroidManifest.xml:17:17-82
167            <meta-data
167-->[com.google.firebase:firebase-installations:17.2.0] AndroidManifest.xml:18:13-20:85
168                android:name="com.google.firebase.components:com.google.firebase.installations.FirebaseInstallationsRegistrar"
168-->[com.google.firebase:firebase-installations:17.2.0] AndroidManifest.xml:19:17-127
169                android:value="com.google.firebase.components.ComponentRegistrar" />
169-->[com.google.firebase:firebase-installations:17.2.0] AndroidManifest.xml:20:17-82
170            <meta-data
170-->[com.google.firebase:firebase-common-ktx:20.4.2] AndroidManifest.xml:12:13-14:85
171                android:name="com.google.firebase.components:com.google.firebase.ktx.FirebaseCommonLegacyRegistrar"
171-->[com.google.firebase:firebase-common-ktx:20.4.2] AndroidManifest.xml:13:17-116
172                android:value="com.google.firebase.components.ComponentRegistrar" />
172-->[com.google.firebase:firebase-common-ktx:20.4.2] AndroidManifest.xml:14:17-82
173            <meta-data
173-->[com.google.firebase:firebase-common:20.4.2] AndroidManifest.xml:35:13-37:85
174                android:name="com.google.firebase.components:com.google.firebase.FirebaseCommonKtxRegistrar"
174-->[com.google.firebase:firebase-common:20.4.2] AndroidManifest.xml:36:17-109
175                android:value="com.google.firebase.components.ComponentRegistrar" />
175-->[com.google.firebase:firebase-common:20.4.2] AndroidManifest.xml:37:17-82
176            <meta-data
176-->[com.google.firebase:firebase-datatransport:18.1.7] AndroidManifest.xml:27:13-29:85
177                android:name="com.google.firebase.components:com.google.firebase.datatransport.TransportRegistrar"
177-->[com.google.firebase:firebase-datatransport:18.1.7] AndroidManifest.xml:28:17-115
178                android:value="com.google.firebase.components.ComponentRegistrar" />
178-->[com.google.firebase:firebase-datatransport:18.1.7] AndroidManifest.xml:29:17-82
179        </service>
180
181        <activity
181-->[com.google.android.gms:play-services-auth:20.7.0] AndroidManifest.xml:23:9-27:75
182            android:name="com.google.android.gms.auth.api.signin.internal.SignInHubActivity"
182-->[com.google.android.gms:play-services-auth:20.7.0] AndroidManifest.xml:24:13-93
183            android:excludeFromRecents="true"
183-->[com.google.android.gms:play-services-auth:20.7.0] AndroidManifest.xml:25:13-46
184            android:exported="false"
184-->[com.google.android.gms:play-services-auth:20.7.0] AndroidManifest.xml:26:13-37
185            android:theme="@android:style/Theme.Translucent.NoTitleBar" />
185-->[com.google.android.gms:play-services-auth:20.7.0] AndroidManifest.xml:27:13-72
186        <!--
187            Service handling Google Sign-In user revocation. For apps that do not integrate with
188            Google Sign-In, this service will never be started.
189        -->
190        <service
190-->[com.google.android.gms:play-services-auth:20.7.0] AndroidManifest.xml:33:9-37:51
191            android:name="com.google.android.gms.auth.api.signin.RevocationBoundService"
191-->[com.google.android.gms:play-services-auth:20.7.0] AndroidManifest.xml:34:13-89
192            android:exported="true"
192-->[com.google.android.gms:play-services-auth:20.7.0] AndroidManifest.xml:35:13-36
193            android:permission="com.google.android.gms.auth.api.signin.permission.REVOCATION_NOTIFICATION"
193-->[com.google.android.gms:play-services-auth:20.7.0] AndroidManifest.xml:36:13-107
194            android:visibleToInstantApps="true" />
194-->[com.google.android.gms:play-services-auth:20.7.0] AndroidManifest.xml:37:13-48
195
196        <activity
196-->[com.google.firebase:firebase-auth:22.3.0] AndroidManifest.xml:29:9-46:20
197            android:name="com.google.firebase.auth.internal.GenericIdpActivity"
197-->[com.google.firebase:firebase-auth:22.3.0] AndroidManifest.xml:30:13-80
198            android:excludeFromRecents="true"
198-->[com.google.firebase:firebase-auth:22.3.0] AndroidManifest.xml:31:13-46
199            android:exported="true"
199-->[com.google.firebase:firebase-auth:22.3.0] AndroidManifest.xml:32:13-36
200            android:launchMode="singleTask"
200-->[com.google.firebase:firebase-auth:22.3.0] AndroidManifest.xml:33:13-44
201            android:theme="@android:style/Theme.Translucent.NoTitleBar" >
201-->[com.google.firebase:firebase-auth:22.3.0] AndroidManifest.xml:34:13-72
202            <intent-filter>
202-->[com.google.firebase:firebase-auth:22.3.0] AndroidManifest.xml:35:13-45:29
203                <action android:name="android.intent.action.VIEW" />
203-->[com.google.firebase:firebase-auth:22.3.0] AndroidManifest.xml:36:17-69
203-->[com.google.firebase:firebase-auth:22.3.0] AndroidManifest.xml:36:25-66
204
205                <category android:name="android.intent.category.DEFAULT" />
205-->[com.google.firebase:firebase-auth:22.3.0] AndroidManifest.xml:38:17-76
205-->[com.google.firebase:firebase-auth:22.3.0] AndroidManifest.xml:38:27-73
206                <category android:name="android.intent.category.BROWSABLE" />
206-->[com.google.firebase:firebase-auth:22.3.0] AndroidManifest.xml:39:17-78
206-->[com.google.firebase:firebase-auth:22.3.0] AndroidManifest.xml:39:27-75
207
208                <data
208-->[com.google.firebase:firebase-auth:22.3.0] AndroidManifest.xml:41:17-44:51
209                    android:host="firebase.auth"
209-->[com.google.firebase:firebase-auth:22.3.0] AndroidManifest.xml:42:21-49
210                    android:path="/"
210-->[com.google.firebase:firebase-auth:22.3.0] AndroidManifest.xml:43:21-37
211                    android:scheme="genericidp" />
211-->[com.google.firebase:firebase-auth:22.3.0] AndroidManifest.xml:44:21-48
212            </intent-filter>
213        </activity>
214        <activity
214-->[com.google.firebase:firebase-auth:22.3.0] AndroidManifest.xml:47:9-64:20
215            android:name="com.google.firebase.auth.internal.RecaptchaActivity"
215-->[com.google.firebase:firebase-auth:22.3.0] AndroidManifest.xml:48:13-79
216            android:excludeFromRecents="true"
216-->[com.google.firebase:firebase-auth:22.3.0] AndroidManifest.xml:49:13-46
217            android:exported="true"
217-->[com.google.firebase:firebase-auth:22.3.0] AndroidManifest.xml:50:13-36
218            android:launchMode="singleTask"
218-->[com.google.firebase:firebase-auth:22.3.0] AndroidManifest.xml:51:13-44
219            android:theme="@android:style/Theme.Translucent.NoTitleBar" >
219-->[com.google.firebase:firebase-auth:22.3.0] AndroidManifest.xml:52:13-72
220            <intent-filter>
220-->[com.google.firebase:firebase-auth:22.3.0] AndroidManifest.xml:53:13-63:29
221                <action android:name="android.intent.action.VIEW" />
221-->[com.google.firebase:firebase-auth:22.3.0] AndroidManifest.xml:36:17-69
221-->[com.google.firebase:firebase-auth:22.3.0] AndroidManifest.xml:36:25-66
222
223                <category android:name="android.intent.category.DEFAULT" />
223-->[com.google.firebase:firebase-auth:22.3.0] AndroidManifest.xml:38:17-76
223-->[com.google.firebase:firebase-auth:22.3.0] AndroidManifest.xml:38:27-73
224                <category android:name="android.intent.category.BROWSABLE" />
224-->[com.google.firebase:firebase-auth:22.3.0] AndroidManifest.xml:39:17-78
224-->[com.google.firebase:firebase-auth:22.3.0] AndroidManifest.xml:39:27-75
225
226                <data
226-->[com.google.firebase:firebase-auth:22.3.0] AndroidManifest.xml:41:17-44:51
227                    android:host="firebase.auth"
227-->[com.google.firebase:firebase-auth:22.3.0] AndroidManifest.xml:42:21-49
228                    android:path="/"
228-->[com.google.firebase:firebase-auth:22.3.0] AndroidManifest.xml:43:21-37
229                    android:scheme="recaptcha" />
229-->[com.google.firebase:firebase-auth:22.3.0] AndroidManifest.xml:44:21-48
230            </intent-filter>
231        </activity>
232
233        <receiver
233-->[com.google.firebase:firebase-messaging:23.4.0] AndroidManifest.xml:29:9-40:20
234            android:name="com.google.firebase.iid.FirebaseInstanceIdReceiver"
234-->[com.google.firebase:firebase-messaging:23.4.0] AndroidManifest.xml:30:13-78
235            android:exported="true"
235-->[com.google.firebase:firebase-messaging:23.4.0] AndroidManifest.xml:31:13-36
236            android:permission="com.google.android.c2dm.permission.SEND" >
236-->[com.google.firebase:firebase-messaging:23.4.0] AndroidManifest.xml:32:13-73
237            <intent-filter>
237-->[com.google.firebase:firebase-messaging:23.4.0] AndroidManifest.xml:33:13-35:29
238                <action android:name="com.google.android.c2dm.intent.RECEIVE" />
238-->[com.google.firebase:firebase-messaging:23.4.0] AndroidManifest.xml:34:17-81
238-->[com.google.firebase:firebase-messaging:23.4.0] AndroidManifest.xml:34:25-78
239            </intent-filter>
240
241            <meta-data
241-->[com.google.firebase:firebase-messaging:23.4.0] AndroidManifest.xml:37:13-39:40
242                android:name="com.google.android.gms.cloudmessaging.FINISHED_AFTER_HANDLED"
242-->[com.google.firebase:firebase-messaging:23.4.0] AndroidManifest.xml:38:17-92
243                android:value="true" />
243-->[com.google.firebase:firebase-messaging:23.4.0] AndroidManifest.xml:39:17-37
244        </receiver>
245        <!--
246             FirebaseMessagingService performs security checks at runtime,
247             but set to not exported to explicitly avoid allowing another app to call it.
248        -->
249        <service
249-->[com.google.firebase:firebase-messaging:23.4.0] AndroidManifest.xml:46:9-53:19
250            android:name="com.google.firebase.messaging.FirebaseMessagingService"
250-->[com.google.firebase:firebase-messaging:23.4.0] AndroidManifest.xml:47:13-82
251            android:directBootAware="true"
251-->[com.google.firebase:firebase-messaging:23.4.0] AndroidManifest.xml:48:13-43
252            android:exported="false" >
252-->[com.google.firebase:firebase-messaging:23.4.0] AndroidManifest.xml:49:13-37
253            <intent-filter android:priority="-500" >
253-->[com.google.firebase:firebase-messaging:23.4.0] AndroidManifest.xml:50:13-52:29
253-->[com.google.firebase:firebase-messaging:23.4.0] AndroidManifest.xml:50:28-51
254                <action android:name="com.google.firebase.MESSAGING_EVENT" />
254-->[com.google.firebase:firebase-messaging:23.4.0] AndroidManifest.xml:51:17-78
254-->[com.google.firebase:firebase-messaging:23.4.0] AndroidManifest.xml:51:25-75
255            </intent-filter>
256        </service>
257
258        <activity
258-->[com.google.android.gms:play-services-base:18.1.0] AndroidManifest.xml:20:9-22:45
259            android:name="com.google.android.gms.common.api.GoogleApiActivity"
259-->[com.google.android.gms:play-services-base:18.1.0] AndroidManifest.xml:20:19-85
260            android:exported="false"
260-->[com.google.android.gms:play-services-base:18.1.0] AndroidManifest.xml:22:19-43
261            android:theme="@android:style/Theme.Translucent.NoTitleBar" />
261-->[com.google.android.gms:play-services-base:18.1.0] AndroidManifest.xml:21:19-78
262
263        <service
263-->[androidx.camera:camera-camera2:1.3.1] AndroidManifest.xml:24:9-33:19
264            android:name="androidx.camera.core.impl.MetadataHolderService"
264-->[androidx.camera:camera-camera2:1.3.1] AndroidManifest.xml:25:13-75
265            android:enabled="false"
265-->[androidx.camera:camera-camera2:1.3.1] AndroidManifest.xml:26:13-36
266            android:exported="false" >
266-->[androidx.camera:camera-camera2:1.3.1] AndroidManifest.xml:27:13-37
267            <meta-data
267-->[androidx.camera:camera-camera2:1.3.1] AndroidManifest.xml:30:13-32:89
268                android:name="androidx.camera.core.impl.MetadataHolderService.DEFAULT_CONFIG_PROVIDER"
268-->[androidx.camera:camera-camera2:1.3.1] AndroidManifest.xml:31:17-103
269                android:value="androidx.camera.camera2.Camera2Config$DefaultProvider" />
269-->[androidx.camera:camera-camera2:1.3.1] AndroidManifest.xml:32:17-86
270        </service>
271
272        <provider
272-->[com.google.firebase:firebase-common:20.4.2] AndroidManifest.xml:23:9-28:39
273            android:name="com.google.firebase.provider.FirebaseInitProvider"
273-->[com.google.firebase:firebase-common:20.4.2] AndroidManifest.xml:24:13-77